Determining if the pthread_create exist failed with the following output:
Change Dir: /home/kkumar/RBE3002/build/CMakeFiles/CMakeTmp

Run Build Command:/usr/bin/make "cmTryCompileExec2370592664/fast"
/usr/bin/make -f CMakeFiles/cmTryCompileExec2370592664.dir/build.make CMakeFiles/cmTryCompileExec2370592664.dir/build
make[1]: Entering directory `/home/kkumar/RBE3002/build/CMakeFiles/CMakeTmp'
/usr/bin/cmake -E cmake_progress_report /home/kkumar/RBE3002/build/CMakeFiles/CMakeTmp/CMakeFiles 1
Building C object CMakeFiles/cmTryCompileExec2370592664.dir/CheckSymbolExists.c.o
/usr/bin/cc    -o CMakeFiles/cmTryCompileExec2370592664.dir/CheckSymbolExists.c.o   -c /home/kkumar/RBE3002/build/CMakeFiles/CMakeTmp/CheckSymbolExists.c
Linking C executable cmTryCompileExec2370592664
/usr/bin/cmake -E cmake_link_script CMakeFiles/cmTryCompileExec2370592664.dir/link.txt --verbose=1
/usr/bin/cc       CMakeFiles/cmTryCompileExec2370592664.dir/CheckSymbolExists.c.o  -o cmTryCompileExec2370592664 -rdynamic 
CMakeFiles/cmTryCompileExec2370592664.dir/CheckSymbolExists.c.o: In function `main':
CheckSymbolExists.c:(.text+0x16): undefined reference to `pthread_create'
collect2: error: ld returned 1 exit status
make[1]: *** [cmTryCompileExec2370592664] Error 1
make[1]: Leaving directory `/home/kkumar/RBE3002/build/CMakeFiles/CMakeTmp'
make: *** [cmTryCompileExec2370592664/fast] Error 2

File /home/kkumar/RBE3002/build/CMakeFiles/CMakeTmp/CheckSymbolExists.c:
/* */
#include <pthread.h>

int main(int argc, char** argv)
{
  (void)argv;
#ifndef pthread_create
  return ((int*)(&pthread_create))[argc];
#else
  (void)argc;
  return 0;
#endif
}

Determining if the function pthread_create exists in the pthreads failed with the following output:
Change Dir: /home/kkumar/RBE3002/build/CMakeFiles/CMakeTmp

Run Build Command:/usr/bin/make "cmTryCompileExec559409836/fast"
/usr/bin/make -f CMakeFiles/cmTryCompileExec559409836.dir/build.make CMakeFiles/cmTryCompileExec559409836.dir/build
make[1]: Entering directory `/home/kkumar/RBE3002/build/CMakeFiles/CMakeTmp'
/usr/bin/cmake -E cmake_progress_report /home/kkumar/RBE3002/build/CMakeFiles/CMakeTmp/CMakeFiles 1
Building C object CMakeFiles/cmTryCompileExec559409836.dir/CheckFunctionExists.c.o
/usr/bin/cc   -DCHECK_FUNCTION_EXISTS=pthread_create   -o CMakeFiles/cmTryCompileExec559409836.dir/CheckFunctionExists.c.o   -c /usr/share/cmake-2.8/Modules/CheckFunctionExists.c
Linking C executable cmTryCompileExec559409836
/usr/bin/cmake -E cmake_link_script CMakeFiles/cmTryCompileExec559409836.dir/link.txt --verbose=1
/usr/bin/cc   -DCHECK_FUNCTION_EXISTS=pthread_create    CMakeFiles/cmTryCompileExec559409836.dir/CheckFunctionExists.c.o  -o cmTryCompileExec559409836 -rdynamic -lpthreads 
/usr/bin/ld: cannot find -lpthreads
collect2: error: ld returned 1 exit status
make[1]: *** [cmTryCompileExec559409836] Error 1
make[1]: Leaving directory `/home/kkumar/RBE3002/build/CMakeFiles/CMakeTmp'
make: *** [cmTryCompileExec559409836/fast] Error 2


